<?xml version="1.0" encoding="UTF-8"?>
<!-- Generated by org.testng.reporters.JUnitXMLReporter -->
<testsuite ignored="0" hostname="PDC3A-L-138LXDX" failures="1" tests="2" name="Error Validations Test" time="12.636" errors="0" timestamp="2024-01-02T22:15:59 IST">
  <testcase classname="acceture.Test.ErrorValidation" name="LoginErrorValidation" time="0.609">
    <skipped/>
  </testcase> <!-- LoginErrorValidation -->
  <testcase classname="acceture.Test.ErrorValidation" name="LoginErrorValidation" time="0.566">
    <failure type="java.lang.AssertionError" message="expected [Incorrect email or password.] but found [Incorrect email1 or password.]">
      <![CDATA[java.lang.AssertionError: expected [Incorrect email or password.] but found [Incorrect email1 or password.]
at acceture.Test.ErrorValidation.LoginErrorValidation(ErrorValidation.java:26)
at java.base/java.util.ArrayList.forEach(ArrayList.java:1511)
... Removed 31 stack frames]]>
    </failure>
  </testcase> <!-- LoginErrorValidation -->
</testsuite> <!-- Error Validations Test -->
