<?xml version="1.0" encoding="UTF-8"?>
<!-- Generated by org.testng.reporters.JUnitXMLReporter -->
<testsuite ignored="2" hostname="PDC3A-L-138LXDX" failures="0" tests="0" time="0.012" errors="0" timestamp="2024-01-02T22:15:46 IST">
  <testcase classname="acceture.Test.SubmitOrderTest_Final" name="OrderHistoryTest" time="0.0">
    <ignored/>
  </testcase> <!-- OrderHistoryTest -->
  <testcase classname="acceture.Test.SubmitOrderTest_Final" name="SubmitOrder" time="0.0">
    <ignored/>
  </testcase> <!-- SubmitOrder -->
</testsuite>
