<?xml version="1.0" encoding="UTF-8"?>
<!-- Generated by org.testng.reporters.JUnitXMLReporter -->
<testsuite ignored="0" hostname="PDC3A-L-138LXDX" failures="0" tests="3" name="Sumit Order Test" time="45.776" errors="0" timestamp="2024-01-02T21:55:00 IST">
  <testcase classname="acceture.Test.SubmitOrderTest_Final" name="SubmitOrder" time="15.098"/>
  <testcase classname="acceture.Test.SubmitOrderTest_Final" name="SubmitOrder" time="14.987"/>
  <testcase classname="acceture.Test.SubmitOrderTest_Final" name="OrderHistoryTest" time="0.726"/>
</testsuite> <!-- Sumit Order Test -->
